Using pre-set license
Built from '2020.3/staging' branch; Version is '2020.3.5f1 (8095aa901b9b) revision 8426922'; Using compiler version '192528614'; Build Type 'Release'
OS: 'Windows 10 Pro; OS build 19043.1466; Version 2009; 64bit' Language: 'tr' Physical Memory: 16216 MB
BatchMode: 1, IsHumanControllingUs: 0, StartBugReporterOnCrash: 0, Is64bit: 1, IsPro: 0

 COMMAND LINE ARGUMENTS:
C:\Program Files\Unity\Hub\Editor\2020.3.5f1\Editor\Unity.exe
-adb2
-batchMode
-noUpm
-name
AssetImportWorker0
-projectPath
C:/ProjectRepo/Game/Wax_Simulation
-logFile
Logs/AssetImportWorker0.log
-srvPort
63879
Successfully changed project path to: C:/ProjectRepo/Game/Wax_Simulation
C:/ProjectRepo/Game/Wax_Simulation
Using Asset Import Pipeline V2.
Refreshing native plugins compatible for Editor in 29.90 ms, found 0 plugins.
Preloading 0 native plugins for Editor in 0.00 ms.
Initialize engine version: 2020.3.5f1 (8095aa901b9b)
[Subsystems] Discovering subsystems at path C:/Program Files/Unity/Hub/Editor/2020.3.5f1/Editor/Data/Resources/UnitySubsystems
[Subsystems] Discovering subsystems at path C:/ProjectRepo/Game/Wax_Simulation/Assets
GfxDevice: creating device client; threaded=0
Direct3D:
    Version:  Direct3D 11.0 [level 11.1]
    Renderer: NVIDIA GeForce RTX 2060 (ID=0x1f15)
    Vendor:   
    VRAM:     5980 MB
    Driver:   27.21.14.6242
Initialize mono
Mono path[0] = 'C:/Program Files/Unity/Hub/Editor/2020.3.5f1/Editor/Data/Managed'
Mono path[1] = 'C:/Program Files/Unity/Hub/Editor/2020.3.5f1/Editor/Data/MonoBleedingEdge/lib/mono/unityjit'
Mono config path = 'C:/Program Files/Unity/Hub/Editor/2020.3.5f1/Editor/Data/MonoBleedingEdge/etc'
Using monoOptions --debugger-agent=transport=dt_socket,embedding=1,server=y,suspend=n,address=127.0.0.1:56248
Begin MonoManager ReloadAssembly
Registering precompiled unity dll's ...
Register platform support module: C:/Program Files/Unity/Hub/Editor/2020.3.5f1/Editor/Data/PlaybackEngines/WebGLSupport/UnityEditor.WebGL.Extensions.dll
Register platform support module: C:/Program Files/Unity/Hub/Editor/2020.3.5f1/Editor/Data/PlaybackEngines/WindowsStandaloneSupport/UnityEditor.WindowsStandalone.Extensions.dll
Registered in 0.003407 seconds.
Native extension for WindowsStandalone target not found
Native extension for WebGL target not found
Refreshing native plugins compatible for Editor in 38.51 ms, found 0 plugins.
Preloading 0 native plugins for Editor in 0.00 ms.
Mono: successfully reloaded assembly
- Completed reload, in  3.598 seconds
Platform modules already initialized, skipping
Registering precompiled user dll's ...
Registered in 0.001166 seconds.
Begin MonoManager ReloadAssembly
Native extension for WindowsStandalone target not found
Native extension for WebGL target not found
Refreshing native plugins compatible for Editor in 0.23 ms, found 0 plugins.
Preloading 0 native plugins for Editor in 0.00 ms.
Mono: successfully reloaded assembly
- Completed reload, in  1.357 seconds
Platform modules already initialized, skipping
========================================================================
Worker process is ready to serve import requests
Launched and connected shader compiler UnityShaderCompiler.exe after 0.07 seconds
Refreshing native plugins compatible for Editor in 0.27 ms, found 0 plugins.
Preloading 0 native plugins for Editor in 0.00 ms.
Unloading 1118 Unused Serialized files (Serialized files now loaded: 0)
System memory in use before: 57.8 MB.
System memory in use after: 57.8 MB.

Unloading 10 unused Assets to reduce memory usage. Loaded Objects now: 1561.
Total: 2.012000 ms (FindLiveObjects: 0.133300 ms CreateObjectMapping: 0.046200 ms MarkObjects: 1.746700 ms  DeleteObjects: 0.084700 ms)

========================================================================
Received Import Request.
  path: Assets/Scripts/WaxStickControl.cs
  artifactKey: Guid(e1e1981be0a324c49b2bb23b4697eda0) Importer(815301076,1909f56bfc062723c751e8b465ee728b)
Start importing Assets/Scripts/WaxStickControl.cs using Guid(e1e1981be0a324c49b2bb23b4697eda0) Importer(815301076,1909f56bfc062723c751e8b465ee728b)  -> (artifact id: '014b17c6e91af96b46530ec9334262a2') in 0.031073 seconds
  Import took 0.033481 seconds .

========================================================================
Received Import Request.
  Time since last request: 22.504155 seconds.
  path: Assets/Scripts/WaxStickControl.cs
  artifactKey: Guid(e1e1981be0a324c49b2bb23b4697eda0) Importer(815301076,1909f56bfc062723c751e8b465ee728b)
Start importing Assets/Scripts/WaxStickControl.cs using Guid(e1e1981be0a324c49b2bb23b4697eda0) Importer(815301076,1909f56bfc062723c751e8b465ee728b)  -> (artifact id: '4c3f6adcfe9d5556ad81343ea9acbfff') in 0.004131 seconds
  Import took 0.006804 seconds .

========================================================================
Received Prepare
Registering precompiled user dll's ...
Registered in 0.001466 seconds.
Begin MonoManager ReloadAssembly
Native extension for WindowsStandalone target not found
Native extension for WebGL target not found
Refreshing native plugins compatible for Editor in 0.30 ms, found 0 plugins.
Preloading 0 native plugins for Editor in 0.00 ms.
Mono: successfully reloaded assembly
- Completed reload, in  1.424 seconds
Platform modules already initialized, skipping
Switching build target platform(5) subTarget(0) extendedPlatform(0) -> platform(13) subTarget(537395200) extendedPlatform(0)
Refreshing native plugins compatible for Editor in 0.21 ms, found 0 plugins.
Preloading 0 native plugins for Editor in 0.00 ms.
Unloading 1116 Unused Serialized files (Serialized files now loaded: 0)
System memory in use before: 57.4 MB.
System memory in use after: 57.4 MB.

Unloading 5 unused Assets to reduce memory usage. Loaded Objects now: 1564.
Total: 4.658000 ms (FindLiveObjects: 0.288300 ms CreateObjectMapping: 0.114700 ms MarkObjects: 4.114100 ms  DeleteObjects: 0.138000 ms)

AssetImportParameters requested are different than current active one (requested -> active):
  custom:graphics/normal-map-encoding: 01000000000000000000000000000000 -> 02000000000000000000000000000000
========================================================================
Received Prepare
Registering precompiled user dll's ...
Registered in 0.000841 seconds.
Begin MonoManager ReloadAssembly
Native extension for WindowsStandalone target not found
Native extension for WebGL target not found
Refreshing native plugins compatible for Editor in 0.50 ms, found 0 plugins.
Preloading 0 native plugins for Editor in 0.00 ms.
Mono: successfully reloaded assembly
- Completed reload, in  0.999 seconds
Platform modules already initialized, skipping
Switching build target platform(5) subTarget(0) extendedPlatform(0) -> platform(13) subTarget(537395200) extendedPlatform(0)
Refreshing native plugins compatible for Editor in 0.23 ms, found 0 plugins.
Preloading 0 native plugins for Editor in 0.00 ms.
Unloading 1116 Unused Serialized files (Serialized files now loaded: 0)
System memory in use before: 57.4 MB.
System memory in use after: 57.5 MB.

Unloading 5 unused Assets to reduce memory usage. Loaded Objects now: 1567.
Total: 2.028500 ms (FindLiveObjects: 0.171000 ms CreateObjectMapping: 0.049200 ms MarkObjects: 1.742200 ms  DeleteObjects: 0.063900 ms)

AssetImportParameters requested are different than current active one (requested -> active):
  custom:graphics/normal-map-encoding: 01000000000000000000000000000000 -> 02000000000000000000000000000000
========================================================================
Received Prepare
Registering precompiled user dll's ...
Registered in 0.001758 seconds.
Begin MonoManager ReloadAssembly
Native extension for WindowsStandalone target not found
Native extension for WebGL target not found
Refreshing native plugins compatible for Editor in 0.33 ms, found 0 plugins.
Preloading 0 native plugins for Editor in 0.00 ms.
Mono: successfully reloaded assembly
- Completed reload, in  2.978 seconds
Platform modules already initialized, skipping
Switching build target platform(5) subTarget(0) extendedPlatform(0) -> platform(13) subTarget(537395200) extendedPlatform(0)
Refreshing native plugins compatible for Editor in 0.32 ms, found 0 plugins.
Preloading 0 native plugins for Editor in 0.00 ms.
Unloading 1498 Unused Serialized files (Serialized files now loaded: 0)
System memory in use before: 75.5 MB.
System memory in use after: 75.5 MB.

Unloading 8 unused Assets to reduce memory usage. Loaded Objects now: 1949.
Total: 1.837400 ms (FindLiveObjects: 0.159700 ms CreateObjectMapping: 0.051700 ms MarkObjects: 1.510600 ms  DeleteObjects: 0.093100 ms)

AssetImportParameters requested are different than current active one (requested -> active):
  custom:graphics/normal-map-encoding: 01000000000000000000000000000000 -> 02000000000000000000000000000000
========================================================================
Received Prepare
Registering precompiled user dll's ...
Registered in 0.001702 seconds.
Begin MonoManager ReloadAssembly
Native extension for WindowsStandalone target not found
Native extension for WebGL target not found
Refreshing native plugins compatible for Editor in 0.55 ms, found 0 plugins.
Preloading 0 native plugins for Editor in 0.00 ms.
Mono: successfully reloaded assembly
- Completed reload, in  1.227 seconds
Platform modules already initialized, skipping
Switching build target platform(5) subTarget(0) extendedPlatform(0) -> platform(13) subTarget(537395200) extendedPlatform(0)
Refreshing native plugins compatible for Editor in 0.34 ms, found 0 plugins.
Preloading 0 native plugins for Editor in 0.00 ms.
Unloading 1498 Unused Serialized files (Serialized files now loaded: 0)
System memory in use before: 75.5 MB.
System memory in use after: 75.5 MB.

Unloading 8 unused Assets to reduce memory usage. Loaded Objects now: 1952.
Total: 2.452100 ms (FindLiveObjects: 0.159900 ms CreateObjectMapping: 0.062100 ms MarkObjects: 2.146800 ms  DeleteObjects: 0.082500 ms)

AssetImportParameters requested are different than current active one (requested -> active):
  custom:graphics/normal-map-encoding: 01000000000000000000000000000000 -> 02000000000000000000000000000000
========================================================================
Received Prepare
Registering precompiled user dll's ...
Registered in 0.001010 seconds.
Begin MonoManager ReloadAssembly
Native extension for WindowsStandalone target not found
Native extension for WebGL target not found
Refreshing native plugins compatible for Editor in 0.29 ms, found 0 plugins.
Preloading 0 native plugins for Editor in 0.00 ms.
Mono: successfully reloaded assembly
- Completed reload, in  1.043 seconds
Platform modules already initialized, skipping
Switching build target platform(5) subTarget(0) extendedPlatform(0) -> platform(13) subTarget(537395200) extendedPlatform(0)
Refreshing native plugins compatible for Editor in 0.22 ms, found 0 plugins.
Preloading 0 native plugins for Editor in 0.00 ms.
Unloading 1498 Unused Serialized files (Serialized files now loaded: 0)
System memory in use before: 75.5 MB.
System memory in use after: 75.5 MB.

Unloading 8 unused Assets to reduce memory usage. Loaded Objects now: 1955.
Total: 2.096100 ms (FindLiveObjects: 0.173000 ms CreateObjectMapping: 0.051800 ms MarkObjects: 1.765300 ms  DeleteObjects: 0.104900 ms)

AssetImportParameters requested are different than current active one (requested -> active):
  custom:graphics/normal-map-encoding: 01000000000000000000000000000000 -> 02000000000000000000000000000000
========================================================================
Received Import Request.
  Time since last request: 60580.519433 seconds.
  path: Assets/Animations
  artifactKey: Guid(b2d0a30866ea9324b8ba6658389e297b) Importer(815301076,1909f56bfc062723c751e8b465ee728b)
Start importing Assets/Animations using Guid(b2d0a30866ea9324b8ba6658389e297b) Importer(815301076,1909f56bfc062723c751e8b465ee728b)  -> (artifact id: 'd48216663af6e7378388076932f70419') in 0.008988 seconds
  Import took 0.011461 seconds .

========================================================================
Received Import Request.
  Time since last request: 1.827787 seconds.
  path: Assets/Arm_wax_500 1.controller
  artifactKey: Guid(5bb91963062677b408921635a12b556b) Importer(815301076,1909f56bfc062723c751e8b465ee728b)
Start importing Assets/Arm_wax_500 1.controller using Guid(5bb91963062677b408921635a12b556b) Importer(815301076,1909f56bfc062723c751e8b465ee728b)  -> (artifact id: '505b56cebf84ae4050b12f7b1943e721') in 0.028388 seconds
  Import took 0.030645 seconds .

========================================================================
Received Import Request.
  Time since last request: 11.260815 seconds.
  path: Assets/Blended.fbx
  artifactKey: Guid(4f8b99fafc454fd448b8e85714ba84db) Importer(815301076,1909f56bfc062723c751e8b465ee728b)
Start importing Assets/Blended.fbx using Guid(4f8b99fafc454fd448b8e85714ba84db) Importer(815301076,1909f56bfc062723c751e8b465ee728b)  -> (artifact id: 'af25f105aaf5cd3727e2dc70d2013b08') in 0.139038 seconds
  Import took 0.141661 seconds .

========================================================================
Received Import Request.
  Time since last request: 111.866636 seconds.
  path: Assets/Animations/Arm_wax_500.controller
  artifactKey: Guid(5f48ec54c8a93e54cae6d0481dda072a) Importer(815301076,1909f56bfc062723c751e8b465ee728b)
Start importing Assets/Animations/Arm_wax_500.controller using Guid(5f48ec54c8a93e54cae6d0481dda072a) Importer(815301076,1909f56bfc062723c751e8b465ee728b)  -> (artifact id: 'f8d661c5577c645eb8952fee354f968d') in 0.009784 seconds
  Import took 0.012870 seconds .

========================================================================
Received Import Request.
  Time since last request: 3.847420 seconds.
  path: Assets/Animations/Wax Animation.anim
  artifactKey: Guid(c2f1d5b1a81b1924a981d5e309b7489c) Importer(815301076,1909f56bfc062723c751e8b465ee728b)
Start importing Assets/Animations/Wax Animation.anim using Guid(c2f1d5b1a81b1924a981d5e309b7489c) Importer(815301076,1909f56bfc062723c751e8b465ee728b)  -> (artifact id: '5995e6959c72ceb744757bf3ec49d700') in 0.010116 seconds
  Import took 0.012615 seconds .

========================================================================
Received Import Request.
  Time since last request: 0.000874 seconds.
  path: Assets/Animations/Wax Animation.anim
  artifactKey: Guid(c2f1d5b1a81b1924a981d5e309b7489c) Importer(815301076,1909f56bfc062723c751e8b465ee728b)
Start importing Assets/Animations/Wax Animation.anim using Guid(c2f1d5b1a81b1924a981d5e309b7489c) Importer(815301076,1909f56bfc062723c751e8b465ee728b)  -> (artifact id: '5995e6959c72ceb744757bf3ec49d700') in 0.004325 seconds
  Import took 0.007757 seconds .

========================================================================
Received Import Request.
  Time since last request: 388.099542 seconds.
  path: Assets/Animations/WaxBlended.fbx
  artifactKey: Guid(278af8ec06fe31040b01bed2d9ce5b75) Importer(815301076,1909f56bfc062723c751e8b465ee728b)
Start importing Assets/Animations/WaxBlended.fbx using Guid(278af8ec06fe31040b01bed2d9ce5b75) Importer(815301076,1909f56bfc062723c751e8b465ee728b)  -> (artifact id: 'c1200233714612e144b8656bc647fae6') in 0.020212 seconds
  Import took 0.023114 seconds .

========================================================================
Received Import Request.
  Time since last request: 0.003603 seconds.
  path: Assets/Animations/WaxBlended.fbx
  artifactKey: Guid(278af8ec06fe31040b01bed2d9ce5b75) Importer(815301076,1909f56bfc062723c751e8b465ee728b)
Start importing Assets/Animations/WaxBlended.fbx using Guid(278af8ec06fe31040b01bed2d9ce5b75) Importer(815301076,1909f56bfc062723c751e8b465ee728b)  -> (artifact id: 'c1200233714612e144b8656bc647fae6') in 0.017066 seconds
  Import took 0.019737 seconds .

========================================================================
Received Import Request.
  Time since last request: 35.736275 seconds.
  path: Assets/Animations/Male_arm.fbx
  artifactKey: Guid(7bfaa27bbbed3a54cbb6990a43ea7989) Importer(815301076,1909f56bfc062723c751e8b465ee728b)
Start importing Assets/Animations/Male_arm.fbx using Guid(7bfaa27bbbed3a54cbb6990a43ea7989) Importer(815301076,1909f56bfc062723c751e8b465ee728b)  -> (artifact id: 'ea4c1a42aa739ff1746bb477d2a2b4b3') in 0.035251 seconds
  Import took 0.037728 seconds .

========================================================================
Received Import Request.
  Time since last request: 0.002422 seconds.
  path: Assets/Animations/Male_arm.fbx
  artifactKey: Guid(7bfaa27bbbed3a54cbb6990a43ea7989) Importer(815301076,1909f56bfc062723c751e8b465ee728b)
Start importing Assets/Animations/Male_arm.fbx using Guid(7bfaa27bbbed3a54cbb6990a43ea7989) Importer(815301076,1909f56bfc062723c751e8b465ee728b)  -> (artifact id: 'ea4c1a42aa739ff1746bb477d2a2b4b3') in 0.032264 seconds
  Import took 0.034904 seconds .

========================================================================
Received Import Request.
  Time since last request: 226.234682 seconds.
  path: Assets/Animations/WaxBlendShader.fbx
  artifactKey: Guid(da996abc6522f8c4c8a2fe143c87bc66) Importer(815301076,1909f56bfc062723c751e8b465ee728b)
Start importing Assets/Animations/WaxBlendShader.fbx using Guid(da996abc6522f8c4c8a2fe143c87bc66) Importer(815301076,1909f56bfc062723c751e8b465ee728b)  -> (artifact id: 'e0c1c119a7cf69ea9c39e1a67a330937') in 0.021157 seconds
  Import took 0.024133 seconds .

AssetImportWorkerClient::OnTransportError - code=2 error=End of file
